Using pre-set license
Built from '2020.3/staging' branch; Version is '2020.3.6f1 (338bb68529b2) revision 3378102'; Using compiler version '192528614'; Build Type 'Release'
OS: 'Windows 10 Pro; OS build 19042.1288; Version 2009; 64bit' Language: 'en' Physical Memory: 32711 MB
BatchMode: 1, IsHumanControllingUs: 0, StartBugReporterOnCrash: 0, Is64bit: 1, IsPro: 0

 COMMAND LINE ARGUMENTS:
D:\Program Files\2020.3.6f1\Editor\Unity.exe
-adb2
-batchMode
-noUpm
-name
AssetImportWorker0
-projectPath
D:/Morga/Documents/GoldenPath_One
-logFile
Logs/AssetImportWorker0.log
-srvPort
65447
Successfully changed project path to: D:/Morga/Documents/GoldenPath_One
D:/Morga/Documents/GoldenPath_One
Using Asset Import Pipeline V2.
Refreshing native plugins compatible for Editor in 30.79 ms, found 0 plugins.
Preloading 0 native plugins for Editor in 0.00 ms.
Initialize engine version: 2020.3.6f1 (338bb68529b2)
[Subsystems] Discovering subsystems at path D:/Program Files/2020.3.6f1/Editor/Data/Resources/UnitySubsystems
[Subsystems] Discovering subsystems at path D:/Morga/Documents/GoldenPath_One/Assets
GfxDevice: creating device client; threaded=0
Direct3D:
    Version:  Direct3D 11.0 [level 11.1]
    Renderer: NVIDIA GeForce GTX 1050 Ti (ID=0x1c82)
    Vendor:   
    VRAM:     4018 MB
    Driver:   27.21.14.6109
Initialize mono
Mono path[0] = 'D:/Program Files/2020.3.6f1/Editor/Data/Managed'
Mono path[1] = 'D:/Program Files/2020.3.6f1/Editor/Data/MonoBleedingEdge/lib/mono/unityjit'
Mono config path = 'D:/Program Files/2020.3.6f1/Editor/Data/MonoBleedingEdge/etc'
Using monoOptions --debugger-agent=transport=dt_socket,embedding=1,server=y,suspend=n,address=127.0.0.1:56556
Begin MonoManager ReloadAssembly
Registering precompiled unity dll's ...
Register platform support module: D:/Program Files/2020.3.6f1/Editor/Data/PlaybackEngines/WebGLSupport/UnityEditor.WebGL.Extensions.dll
Register platform support module: D:/Program Files/2020.3.6f1/Editor/Data/PlaybackEngines/WindowsStandaloneSupport/UnityEditor.WindowsStandalone.Extensions.dll
Registered in 0.005701 seconds.
Native extension for WindowsStandalone target not found
Native extension for WebGL target not found
Refreshing native plugins compatible for Editor in 28.76 ms, found 0 plugins.
Preloading 0 native plugins for Editor in 0.00 ms.
Mono: successfully reloaded assembly
- Completed reload, in  3.434 seconds
Platform modules already initialized, skipping
Registering precompiled user dll's ...
Registered in 0.005442 seconds.
Begin MonoManager ReloadAssembly
Native extension for WindowsStandalone target not found
Native extension for WebGL target not found
Refreshing native plugins compatible for Editor in 0.30 ms, found 0 plugins.
Preloading 0 native plugins for Editor in 0.00 ms.
Mono: successfully reloaded assembly
- Completed reload, in  1.032 seconds
Platform modules already initialized, skipping
========================================================================
Worker process is ready to serve import requests
Launched and connected shader compiler UnityShaderCompiler.exe after 0.06 seconds
Refreshing native plugins compatible for Editor in 0.25 ms, found 0 plugins.
Preloading 0 native plugins for Editor in 0.00 ms.
Unloading 1232 Unused Serialized files (Serialized files now loaded: 0)
System memory in use before: 60.9 MB.
System memory in use after: 61.0 MB.

Unloading 14 unused Assets to reduce memory usage. Loaded Objects now: 1670.
Total: 2.706100 ms (FindLiveObjects: 0.160600 ms CreateObjectMapping: 0.045700 ms MarkObjects: 2.371900 ms  DeleteObjects: 0.126600 ms)

========================================================================
Received Import Request.
  path: Assets/Materials
  artifactKey: Guid(2ff32c02291abd34ebea13e4c97004fc) Importer(815301076,1909f56bfc062723c751e8b465ee728b)
Start importing Assets/Materials using Guid(2ff32c02291abd34ebea13e4c97004fc) Importer(815301076,1909f56bfc062723c751e8b465ee728b)  -> (artifact id: '0e730fd2108faaa98880d60b31479052') in 0.010692 seconds
  Import took 0.012838 seconds .

========================================================================
Received Import Request.
  Time since last request: 4.297365 seconds.
  path: Assets/Materials/Ground.mat
  artifactKey: Guid(e29f23e4897583442afe273b8bdafd91) Importer(815301076,1909f56bfc062723c751e8b465ee728b)
Start importing Assets/Materials/Ground.mat using Guid(e29f23e4897583442afe273b8bdafd91) Importer(815301076,1909f56bfc062723c751e8b465ee728b)  -> (artifact id: '9cf09802afafa998f26e25a3ef6bb501') in 0.159258 seconds
  Import took 0.164337 seconds .

========================================================================
Received Import Request.
  Time since last request: 104.745904 seconds.
  path: Assets/Scripts/HelloWorldManager.cs
  artifactKey: Guid(e77ab25ebf56f62488491adb1d0863d7) Importer(815301076,1909f56bfc062723c751e8b465ee728b)
Start importing Assets/Scripts/HelloWorldManager.cs using Guid(e77ab25ebf56f62488491adb1d0863d7) Importer(815301076,1909f56bfc062723c751e8b465ee728b)  -> (artifact id: '5f82dc45af785a36a3994c007848a30e') in 0.010688 seconds
  Import took 0.012750 seconds .

========================================================================
Received Import Request.
  Time since last request: 0.013907 seconds.
  path: Assets/Scripts/HelloWorldManager.cs
  artifactKey: Guid(e77ab25ebf56f62488491adb1d0863d7) Importer(815301076,1909f56bfc062723c751e8b465ee728b)
Start importing Assets/Scripts/HelloWorldManager.cs using Guid(e77ab25ebf56f62488491adb1d0863d7) Importer(815301076,1909f56bfc062723c751e8b465ee728b)  -> (artifact id: '5f82dc45af785a36a3994c007848a30e') in 0.006367 seconds
  Import took 0.008747 seconds .

========================================================================
Received Prepare
Registering precompiled user dll's ...
Registered in 0.004808 seconds.
Begin MonoManager ReloadAssembly
Native extension for WindowsStandalone target not found
Native extension for WebGL target not found
Refreshing native plugins compatible for Editor in 0.24 ms, found 0 plugins.
Preloading 0 native plugins for Editor in 0.00 ms.
Mono: successfully reloaded assembly
- Completed reload, in  0.962 seconds
Platform modules already initialized, skipping
Refreshing native plugins compatible for Editor in 0.25 ms, found 0 plugins.
Preloading 0 native plugins for Editor in 0.00 ms.
Unloading 1228 Unused Serialized files (Serialized files now loaded: 0)
System memory in use before: 64.3 MB.
System memory in use after: 64.4 MB.

Unloading 9 unused Assets to reduce memory usage. Loaded Objects now: 1714.
Total: 1.728700 ms (FindLiveObjects: 0.178300 ms CreateObjectMapping: 0.046400 ms MarkObjects: 1.448200 ms  DeleteObjects: 0.054700 ms)

========================================================================
Received Import Request.
  Time since last request: 181.577301 seconds.
  path: Assets/Scripts/HelloWorldManager.cs
  artifactKey: Guid(e77ab25ebf56f62488491adb1d0863d7) Importer(815301076,1909f56bfc062723c751e8b465ee728b)
Start importing Assets/Scripts/HelloWorldManager.cs using Guid(e77ab25ebf56f62488491adb1d0863d7) Importer(815301076,1909f56bfc062723c751e8b465ee728b)  -> (artifact id: '80c04ee8ee4005db42b10547fa8ed708') in 0.013690 seconds
  Import took 0.016478 seconds .

========================================================================
Received Import Request.
  Time since last request: 10.960756 seconds.
  path: Assets/Scripts/HelloWorldPlayer.cs
  artifactKey: Guid(0c0f80be4f2ac5141ade254c2aeb47ce) Importer(815301076,1909f56bfc062723c751e8b465ee728b)
Start importing Assets/Scripts/HelloWorldPlayer.cs using Guid(0c0f80be4f2ac5141ade254c2aeb47ce) Importer(815301076,1909f56bfc062723c751e8b465ee728b)  -> (artifact id: '04d5731270bb8476cbbfca03fbfe9204') in 0.022645 seconds
  Import took 0.031643 seconds .

========================================================================
Received Prepare
Registering precompiled user dll's ...
Registered in 0.005192 seconds.
Begin MonoManager ReloadAssembly
Native extension for WindowsStandalone target not found
Native extension for WebGL target not found
Refreshing native plugins compatible for Editor in 0.25 ms, found 0 plugins.
Preloading 0 native plugins for Editor in 0.00 ms.
Mono: successfully reloaded assembly
- Completed reload, in  1.069 seconds
Platform modules already initialized, skipping
Refreshing native plugins compatible for Editor in 0.25 ms, found 0 plugins.
Preloading 0 native plugins for Editor in 0.00 ms.
Unloading 1229 Unused Serialized files (Serialized files now loaded: 0)
System memory in use before: 64.3 MB.
System memory in use after: 64.4 MB.

Unloading 9 unused Assets to reduce memory usage. Loaded Objects now: 1718.
Total: 2.031200 ms (FindLiveObjects: 0.179800 ms CreateObjectMapping: 0.116500 ms MarkObjects: 1.607800 ms  DeleteObjects: 0.125300 ms)

========================================================================
Received Import Request.
  Time since last request: 39.413765 seconds.
  path: Assets/Scripts/HelloWorldPlayer.cs
  artifactKey: Guid(0c0f80be4f2ac5141ade254c2aeb47ce) Importer(815301076,1909f56bfc062723c751e8b465ee728b)
Start importing Assets/Scripts/HelloWorldPlayer.cs using Guid(0c0f80be4f2ac5141ade254c2aeb47ce) Importer(815301076,1909f56bfc062723c751e8b465ee728b)  -> (artifact id: 'cb61f56c522267092eb3e4be856827ed') in 0.009601 seconds
  Import took 0.012224 seconds .

========================================================================
Received Prepare
Registering precompiled user dll's ...
Registered in 0.005312 seconds.
Begin MonoManager ReloadAssembly
Native extension for WindowsStandalone target not found
Native extension for WebGL target not found
Refreshing native plugins compatible for Editor in 0.24 ms, found 0 plugins.
Preloading 0 native plugins for Editor in 0.00 ms.
Mono: successfully reloaded assembly
- Completed reload, in  1.042 seconds
Platform modules already initialized, skipping
Refreshing native plugins compatible for Editor in 0.24 ms, found 0 plugins.
Preloading 0 native plugins for Editor in 0.00 ms.
Unloading 1229 Unused Serialized files (Serialized files now loaded: 0)
System memory in use before: 64.4 MB.
System memory in use after: 64.4 MB.

Unloading 9 unused Assets to reduce memory usage. Loaded Objects now: 1721.
Total: 2.016100 ms (FindLiveObjects: 0.199100 ms CreateObjectMapping: 0.098100 ms MarkObjects: 1.644200 ms  DeleteObjects: 0.072600 ms)

========================================================================
Received Import Request.
  Time since last request: 424.843270 seconds.
  path: Assets/Prefabs/Player.prefab
  artifactKey: Guid(bf2600737919c324aa582e4c932a77a8) Importer(815301076,1909f56bfc062723c751e8b465ee728b)
Start importing Assets/Prefabs/Player.prefab using Guid(bf2600737919c324aa582e4c932a77a8) Importer(815301076,1909f56bfc062723c751e8b465ee728b)  -> (artifact id: 'b1323eafb67c8fb94684592ab5d23da7') in 0.322047 seconds
  Import took 0.327404 seconds .

========================================================================
Received Prepare
Registering precompiled user dll's ...
Registered in 0.006698 seconds.
Begin MonoManager ReloadAssembly
Native extension for WindowsStandalone target not found
Native extension for WebGL target not found
Refreshing native plugins compatible for Editor in 0.23 ms, found 0 plugins.
Preloading 0 native plugins for Editor in 0.00 ms.
Mono: successfully reloaded assembly
- Completed reload, in  0.999 seconds
Platform modules already initialized, skipping
Refreshing native plugins compatible for Editor in 0.25 ms, found 0 plugins.
Preloading 0 native plugins for Editor in 0.00 ms.
Unloading 1229 Unused Serialized files (Serialized files now loaded: 0)
System memory in use before: 64.4 MB.
System memory in use after: 64.5 MB.

Unloading 10 unused Assets to reduce memory usage. Loaded Objects now: 1726.
Total: 2.317600 ms (FindLiveObjects: 0.163200 ms CreateObjectMapping: 0.048500 ms MarkObjects: 2.013300 ms  DeleteObjects: 0.091000 ms)

========================================================================
Received Prepare
Refreshing native plugins compatible for Editor in 3.02 ms, found 0 plugins.
Preloading 0 native plugins for Editor in 0.00 ms.
Unloading 7 Unused Serialized files (Serialized files now loaded: 0)
System memory in use before: 40.2 MB.
System memory in use after: 40.3 MB.

Unloading 7 unused Assets to reduce memory usage. Loaded Objects now: 1726.
Total: 2.155700 ms (FindLiveObjects: 0.282500 ms CreateObjectMapping: 0.074100 ms MarkObjects: 1.735400 ms  DeleteObjects: 0.062100 ms)

========================================================================
Received Prepare
Refreshing native plugins compatible for Editor in 3.00 ms, found 0 plugins.
Preloading 0 native plugins for Editor in 0.00 ms.
Unloading 7 Unused Serialized files (Serialized files now loaded: 0)
System memory in use before: 40.2 MB.
System memory in use after: 40.3 MB.

Unloading 7 unused Assets to reduce memory usage. Loaded Objects now: 1726.
Total: 20.603400 ms (FindLiveObjects: 0.154800 ms CreateObjectMapping: 0.041100 ms MarkObjects: 20.348900 ms  DeleteObjects: 0.057300 ms)

========================================================================
Received Prepare
Registering precompiled user dll's ...
Registered in 0.005960 seconds.
Begin MonoManager ReloadAssembly
Native extension for WindowsStandalone target not found
Native extension for WebGL target not found
Refreshing native plugins compatible for Editor in 0.30 ms, found 0 plugins.
Preloading 0 native plugins for Editor in 0.00 ms.
Mono: successfully reloaded assembly
- Completed reload, in  1.901 seconds
Platform modules already initialized, skipping
Refreshing native plugins compatible for Editor in 0.29 ms, found 0 plugins.
Preloading 0 native plugins for Editor in 0.00 ms.
Unloading 1229 Unused Serialized files (Serialized files now loaded: 0)
System memory in use before: 64.4 MB.
System memory in use after: 64.5 MB.

Unloading 9 unused Assets to reduce memory usage. Loaded Objects now: 1729.
Total: 4.743000 ms (FindLiveObjects: 0.734800 ms CreateObjectMapping: 0.106800 ms MarkObjects: 3.819000 ms  DeleteObjects: 0.079900 ms)

AssetImportWorkerClient::OnTransportError - code=2 error=End of file
